Determining if the pthread_create exist failed with the following output:
Change Dir: /home/lumino/hitlumino/commit_ORB-SLAM2/build/CMakeFiles/CMakeTmp

Run Build Command:"/usr/bin/make" "cmTC_f4632/fast"
/usr/bin/make -f CMakeFiles/cmTC_f4632.dir/build.make CMakeFiles/cmTC_f4632.dir/build
make[1]: Entering directory '/home/lumino/hitlumino/commit_ORB-SLAM2/build/CMakeFiles/CMakeTmp'
Building C object CMakeFiles/cmTC_f4632.dir/CheckSymbolExists.c.o
/usr/bin/cc    -fPIC    -o CMakeFiles/cmTC_f4632.dir/CheckSymbolExists.c.o   -c /home/lumino/hitlumino/commit_ORB-SLAM2/build/CMakeFiles/CMakeTmp/CheckSymbolExists.c
Linking C executable cmTC_f4632
/usr/bin/cmake -E cmake_link_script CMakeFiles/cmTC_f4632.dir/link.txt --verbose=1
/usr/bin/cc  -fPIC     CMakeFiles/cmTC_f4632.dir/CheckSymbolExists.c.o  -o cmTC_f4632 -rdynamic 
CMakeFiles/cmTC_f4632.dir/CheckSymbolExists.c.o：在函数‘main’中：
CheckSymbolExists.c:(.text+0x1b)：对‘pthread_create’未定义的引用
collect2: error: ld returned 1 exit status
CMakeFiles/cmTC_f4632.dir/build.make:97: recipe for target 'cmTC_f4632' failed
make[1]: *** [cmTC_f4632] Error 1
make[1]: Leaving directory '/home/lumino/hitlumino/commit_ORB-SLAM2/build/CMakeFiles/CMakeTmp'
Makefile:126: recipe for target 'cmTC_f4632/fast' failed
make: *** [cmTC_f4632/fast] Error 2

File /home/lumino/hitlumino/commit_ORB-SLAM2/build/CMakeFiles/CMakeTmp/CheckSymbolExists.c:
/* */
#include <pthread.h>

int main(int argc, char** argv)
{
  (void)argv;
#ifndef pthread_create
  return ((int*)(&pthread_create))[argc];
#else
  (void)argc;
  return 0;
#endif
}

Determining if the function pthread_create exists in the pthreads failed with the following output:
Change Dir: /home/lumino/hitlumino/commit_ORB-SLAM2/build/CMakeFiles/CMakeTmp

Run Build Command:"/usr/bin/make" "cmTC_e0b4c/fast"
/usr/bin/make -f CMakeFiles/cmTC_e0b4c.dir/build.make CMakeFiles/cmTC_e0b4c.dir/build
make[1]: Entering directory '/home/lumino/hitlumino/commit_ORB-SLAM2/build/CMakeFiles/CMakeTmp'
Building C object CMakeFiles/cmTC_e0b4c.dir/CheckFunctionExists.c.o
/usr/bin/cc    -fPIC -DCHECK_FUNCTION_EXISTS=pthread_create   -o CMakeFiles/cmTC_e0b4c.dir/CheckFunctionExists.c.o   -c /usr/share/cmake-3.5/Modules/CheckFunctionExists.c
Linking C executable cmTC_e0b4c
/usr/bin/cmake -E cmake_link_script CMakeFiles/cmTC_e0b4c.dir/link.txt --verbose=1
/usr/bin/cc  -fPIC -DCHECK_FUNCTION_EXISTS=pthread_create    CMakeFiles/cmTC_e0b4c.dir/CheckFunctionExists.c.o  -o cmTC_e0b4c -rdynamic -lpthreads 
/usr/bin/ld: 找不到 -lpthreads
collect2: error: ld returned 1 exit status
CMakeFiles/cmTC_e0b4c.dir/build.make:97: recipe for target 'cmTC_e0b4c' failed
make[1]: *** [cmTC_e0b4c] Error 1
make[1]: Leaving directory '/home/lumino/hitlumino/commit_ORB-SLAM2/build/CMakeFiles/CMakeTmp'
Makefile:126: recipe for target 'cmTC_e0b4c/fast' failed
make: *** [cmTC_e0b4c/fast] Error 2


